Carl's WHEEL_DIAMETER   set to 64.0
Carl's WHEEL_BASE_WIDTH set to 115.1
Carl's SPEED set to 150 for best accuracy
Found 1 lane_lines
Found 2 lane_lines
Found 2 lane_lines
Found 2 lane_lines
Found 1 lane_lines
Found 2 lane_lines
Found 2 lane_lines
Found 2 lane_lines
Found 2 lane_lines
Found 2 lane_lines
Found 2 lane_lines
Found 2 lane_lines
Found 2 lane_lines
Found 2 lane_lines
Found 2 lane_lines
Found 2 lane_lines
Found 2 lane_lines
Found 2 lane_lines
Found 2 lane_lines
Found 2 lane_lines
Found 2 lane_lines
Found 2 lane_lines
Found 1 lane_lines
Found 1 lane_lines
Found 2 lane_lines
Found 2 lane_lines
Found 2 lane_lines
Found 2 lane_lines
Found 2 lane_lines
Found 2 lane_lines
Found 1 lane_lines
Found 1 lane_lines
Found 2 lane_lines
Found 2 lane_lines
Found 1 lane_lines
Found 2 lane_lines
Found 2 lane_lines
Found 2 lane_lines
Found 2 lane_lines
Found 2 lane_lines
Found 2 lane_lines
Found 2 lane_lines
Found 2 lane_lines
Found 2 lane_lines
Found 2 lane_lines
Found 2 lane_lines
Found 2 lane_lines
Found 2 lane_lines
Found 2 lane_lines
Found 2 lane_lines
Found 2 lane_lines
Found 2 lane_lines
Found 2 lane_lines
Found 2 lane_lines
Found 2 lane_lines
Found 2 lane_lines
Found 2 lane_lines
Found 2 lane_lines
Found 2 lane_lines
Found 2 lane_lines
Found 2 lane_lines
Found 2 lane_lines
Found 2 lane_lines
Found 2 lane_lines
Found 2 lane_lines
Found 2 lane_lines
Found 2 lane_lines
Found 2 lane_lines
Found 2 lane_lines
Found 2 lane_lines
Found 2 lane_lines
Found 2 lane_lines
Found 2 lane_lines
Found 2 lane_lines
Found 2 lane_lines
Found 2 lane_lines
Found 2 lane_lines
Found 2 lane_lines
Found 2 lane_lines
Found 2 lane_lines
Found 2 lane_lines
Found 2 lane_lines
Found 2 lane_lines
Found 2 lane_lines
Found 2 lane_lines
Found 2 lane_lines
Found 2 lane_lines
Found 2 lane_lines
Found 2 lane_lines
Found 2 lane_lines
Found 2 lane_lines
Found 2 lane_lines
Found 2 lane_lines
Found 2 lane_lines
Found 2 lane_lines
Found 2 lane_lines
Found 2 lane_lines
Found 2 lane_lines
Found 2 lane_lines
Found 2 lane_lines
Found 2 lane_lines
Found 1 lane_lines
Found 2 lane_lines
Found 2 lane_lines
Found 2 lane_lines
Found 2 lane_lines
Found 2 lane_lines
Found 2 lane_lines
Found 2 lane_lines
Found 2 lane_lines
Found 2 lane_lines
Found 2 lane_lines
Found 2 lane_lines
Found 2 lane_lines
Found 2 lane_lines
Found 2 lane_lines
Found 2 lane_lines
Found 2 lane_lines
Found 2 lane_lines
Found 2 lane_lines
Found 2 lane_lines
Found 2 lane_lines
Found 2 lane_lines
Found 2 lane_lines
Found 2 lane_lines
Found 2 lane_lines
Found 2 lane_lines
Found 2 lane_lines
Found 2 lane_lines
Found 2 lane_lines
Found 2 lane_lines
Found 2 lane_lines
Found 2 lane_lines
Found 2 lane_lines
Found 2 lane_lines
Found 2 lane_lines
Found 2 lane_lines
Found 2 lane_lines
Found 2 lane_lines
Found 2 lane_lines
Found 2 lane_lines
Found 2 lane_lines
Found 2 lane_lines
Found 2 lane_lines
Found 2 lane_lines
Found 2 lane_lines
Found 2 lane_lines
Found 2 lane_lines
Found 2 lane_lines
Found 2 lane_lines
Found 2 lane_lines
Found 2 lane_lines
Found 2 lane_lines
Found 2 lane_lines
Found 2 lane_lines
Found 2 lane_lines
Found 2 lane_lines
Found 2 lane_lines
Found 2 lane_lines
Found 2 lane_lines
Found 2 lane_lines
Found 2 lane_lines
Found 2 lane_lines
Found 2 lane_lines
Found 2 lane_lines
Found 2 lane_lines
Found 2 lane_lines
Found 2 lane_lines
Found 2 lane_lines
Found 2 lane_lines
Found 2 lane_lines
Found 2 lane_lines
Found 2 lane_lines
Found 2 lane_lines
Found 2 lane_lines
Found 2 lane_lines
Found 2 lane_lines
Found 2 lane_lines
Found 2 lane_lines
Found 2 lane_lines
Found 2 lane_lines
Found 2 lane_lines
Found 2 lane_lines
Found 2 lane_lines
Found 2 lane_lines
Found 2 lane_lines
Found 2 lane_lines
Found 2 lane_lines
Found 2 lane_lines
Found 2 lane_lines
Found 2 lane_lines
Found 2 lane_lines
Found 2 lane_lines
Found 2 lane_lines
Found 2 lane_lines
Found 2 lane_lines
Found 2 lane_lines
Found 2 lane_lines
Found 2 lane_lines
Found 2 lane_lines
Found 2 lane_lines
Found 2 lane_lines
Found 2 lane_lines
Found 2 lane_lines
Found 2 lane_lines
Found 2 lane_lines
Found 2 lane_lines
Found 2 lane_lines
Found 2 lane_lines
Found 2 lane_lines
Found 2 lane_lines
Found 2 lane_lines

*** Ctrl-C detected - Finishing up
Frames: 213 Ave find_lane_in(frame): 121.6ms
Frame Size:  (720, 1280, 3)
