2020-11-22 23:30|[gopigo3.py.<module>]sim.gopigo3 imported
2020-11-22 23:30|[easygopigo3.py.<module>]sim.easygopigo3 imported
2020-11-22 23:30|[gopigo3.py.__init__]Simulated GoPiGo3 object instantiated
2020-11-22 23:30|[easygopigo3.py.load_robot_constants]sim.easygopigo3.load_robot_constants() called
2020-11-22 23:30|[easygopigo3.py.set_robot_constants]sim.easygopigo3.set_robot_constants(66.6,116.6) called
2020-11-22 23:30|[easygopigo3.py.set_speed]sim.easygopigo3.set_speed(300) called
2020-11-22 23:30|[simDataJson.py.saveData]** simData 'motor_limit_left' = 300 updated **
2020-11-22 23:30|[simDataJson.py.saveData]** simData 'motor_limit_right' = 300 updated **
2020-11-22 23:30|[easygopigo3.py.__init__]Simulated EasyGoPiGo3 instatiated
2020-11-22 23:30|[easygopigo3.py.init_distance_sensor]sim.easygopigo3.init_distance_sensor(port=I2C) called
2020-11-22 23:30|[easy_distance_sensor.py.__init__]sim.di_sensors.EasyDistanceSensor object instantiated
2020-11-22 23:30|[distance_sensor.py.__init__]Initializing sim.di_sensor.distance_sensor.DistanceSensor() object
2020-11-22 23:30|[simDataJson.py.saveData]** simData 'rangeSensor_mm' = 914.4 updated **
2020-11-22 23:30|[easygopigo3.py.set_robot_constants]sim.easygopigo3.set_robot_constants(66.6,116.6) called
2020-11-22 23:30|[easygopigo3.py.save_robot_constants]sim.easygopigo3.save_robot_constants() called
2020-11-22 23:30|[easygopigo3.py.load_robot_constants]sim.easygopigo3.load_robot_constants() called
2020-11-22 23:30|[easygopigo3.py.set_robot_constants]sim.easygopigo3.set_robot_constants(66.6,116.6) called
2020-11-22 23:30|[easygopigo3.py.set_speed]sim.easygopigo3.set_speed(150) called
2020-11-22 23:30|[simDataJson.py.saveData]** simData 'motor_limit_left' = 150 updated **
2020-11-22 23:30|[simDataJson.py.saveData]** simData 'motor_limit_right' = 150 updated **
2020-11-22 23:30|[easygopigo3.py.get_speed]sim.easygopigo3.get_speed() called
2020-11-22 23:30|[easygopigo3.py.reset_speed]sim.easygopigo3.reset_speed() called
2020-11-22 23:30|[easygopigo3.py.set_speed]sim.easygopigo3.set_speed(300) called
2020-11-22 23:30|[simDataJson.py.saveData]** simData 'motor_limit_left' = 300 updated **
2020-11-22 23:30|[simDataJson.py.saveData]** simData 'motor_limit_right' = 300 updated **
2020-11-22 23:30|[easygopigo3.py.get_speed]sim.easygopigo3.get_speed() called
2020-11-22 23:30|[easygopigo3.py.forward]sim.easygopigo3.forward() called
2020-11-22 23:30|[simDataJson.py.saveData]** simData 'motor_dps_left' = 1000 updated **
2020-11-22 23:30|[simDataJson.py.saveData]** simData 'motor_dps_right' = 1000 updated **
2020-11-22 23:30|[easygopigo3.py.stop]sim.easygopigo3.stop() called
2020-11-22 23:30|[simDataJson.py.saveData]** simData 'motor_dps_left' = 0 updated **
2020-11-22 23:30|[simDataJson.py.saveData]** simData 'motor_dps_right' = 0 updated **
2020-11-22 23:30|[easygopigo3.py.drive_cm]sim.easygopigo3.drive_cm(10) called
2020-11-22 23:30|[simDataJson.py.saveData]** simData 'rangeSensor_mm' = 814.4 updated **
2020-11-22 23:30|[easygopigo3.py.drive_inches]sim.easygopigo3.drive_cm(-4.0) called
2020-11-22 23:30|[easygopigo3.py.drive_cm]sim.easygopigo3.drive_cm(-10.16) called
2020-11-22 23:30|[simDataJson.py.saveData]** simData 'rangeSensor_mm' = 916.0 updated **
2020-11-22 23:33|[gopigo3.py.<module>]sim.gopigo3 imported
2020-11-22 23:33|[easygopigo3.py.<module>]sim.easygopigo3 imported
2020-11-22 23:33|[gopigo3.py.__init__]Simulated GoPiGo3 object instantiated
2020-11-22 23:33|[easygopigo3.py.load_robot_constants]sim.easygopigo3.load_robot_constants() called
2020-11-22 23:33|[easygopigo3.py.set_robot_constants]sim.easygopigo3.set_robot_constants(66.6,116.6) called
2020-11-22 23:33|[easygopigo3.py.set_speed]sim.easygopigo3.set_speed(300) called
2020-11-22 23:33|[simDataJson.py.saveData]** simData 'motor_limit_left' = 300 updated **
2020-11-22 23:33|[simDataJson.py.saveData]** simData 'motor_limit_right' = 300 updated **
2020-11-22 23:33|[easygopigo3.py.__init__]Simulated EasyGoPiGo3 instatiated
2020-11-22 23:33|[easygopigo3.py.init_distance_sensor]sim.easygopigo3.init_distance_sensor(port=I2C) called
2020-11-22 23:33|[easy_distance_sensor.py.__init__]sim.di_sensors.EasyDistanceSensor object instantiated
2020-11-22 23:33|[distance_sensor.py.__init__]Initializing sim.di_sensor.distance_sensor.DistanceSensor() object
2020-11-22 23:33|[simDataJson.py.saveData]** simData 'rangeSensor_mm' = 914.4 updated **
2020-11-22 23:33|[easygopigo3.py.set_robot_constants]sim.easygopigo3.set_robot_constants(66.6,116.6) called
2020-11-22 23:33|[easygopigo3.py.save_robot_constants]sim.easygopigo3.save_robot_constants() called
2020-11-22 23:33|[easygopigo3.py.load_robot_constants]sim.easygopigo3.load_robot_constants() called
2020-11-22 23:33|[easygopigo3.py.set_robot_constants]sim.easygopigo3.set_robot_constants(66.6,116.6) called
2020-11-22 23:33|[easygopigo3.py.set_speed]sim.easygopigo3.set_speed(150) called
2020-11-22 23:33|[simDataJson.py.saveData]** simData 'motor_limit_left' = 150 updated **
2020-11-22 23:33|[simDataJson.py.saveData]** simData 'motor_limit_right' = 150 updated **
2020-11-22 23:33|[easygopigo3.py.get_speed]sim.easygopigo3.get_speed() called
2020-11-22 23:33|[easygopigo3.py.reset_speed]sim.easygopigo3.reset_speed() called
2020-11-22 23:33|[easygopigo3.py.set_speed]sim.easygopigo3.set_speed(300) called
2020-11-22 23:33|[simDataJson.py.saveData]** simData 'motor_limit_left' = 300 updated **
2020-11-22 23:33|[simDataJson.py.saveData]** simData 'motor_limit_right' = 300 updated **
2020-11-22 23:33|[easygopigo3.py.get_speed]sim.easygopigo3.get_speed() called
2020-11-22 23:33|[easygopigo3.py.forward]sim.easygopigo3.forward() called
2020-11-22 23:33|[simDataJson.py.saveData]** simData 'motor_dps_left' = 1000 updated **
2020-11-22 23:33|[simDataJson.py.saveData]** simData 'motor_dps_right' = 1000 updated **
2020-11-22 23:33|[easygopigo3.py.stop]sim.easygopigo3.stop() called
2020-11-22 23:33|[simDataJson.py.saveData]** simData 'motor_dps_left' = 0 updated **
2020-11-22 23:33|[simDataJson.py.saveData]** simData 'motor_dps_right' = 0 updated **
2020-11-22 23:33|[easygopigo3.py.drive_cm]sim.easygopigo3.drive_cm(10) called
2020-11-22 23:33|[simDataJson.py.saveData]** simData 'rangeSensor_mm' = 814.4 updated **
2020-11-22 23:33|[easygopigo3.py.drive_inches]sim.easygopigo3.drive_cm(-4.0) called
2020-11-22 23:33|[easygopigo3.py.drive_cm]sim.easygopigo3.drive_cm(-10.16) called
2020-11-22 23:33|[simDataJson.py.saveData]** simData 'rangeSensor_mm' = 916.0 updated **
