2024-08-22 00:00|[logMaintenance.py.main]******************** END OF YEAR 6 LIFE ******************************************
2024-08-22 00:00|[logMaintenance.py.main]** END OF YEAR 6 LIFE -  Total Life 49090.1 hrs 4903 Dockings  **
2024-08-22 00:00|[logMaintenance.py.main]** END OF YEAR 6 LIFE -  Year 9 Sessions (booted) 8711.2 hours for 99 % Uptime **
2024-08-22 00:00|lifelog.dEmain execution: 49090.1
2024-04-17 22:25|[logMaintenance.py.main]** NEW BATTERIES at 4588 dockings, 46065 hrs, on 2024-04-17, 8x Eneloop White 2000 mAh NiMH AA cells**
2024-08-22 00:00|[logMaintenance.py.main]******************** END OF YEAR 5 LIFE ******************************************
2024-08-22 22:03|[logMaintenance.py.main]** Happy 5th Birthday Carl **
2024-08-22 00:58|[juicer.py.chargingStatus]--- Probable TRICKLE not detected 11.3v
2024-08-22 00:59|[juicer.py.undock]---- Dismount 4903 at 10.8 v after 4.0 h recharge
2024-08-22 04:59|[healthCheck.py.main]WiFi check failed (8.8.8.8)
2024-08-22 05:00|[healthCheck.py.main]WiFi recovery
2024-08-22 05:01|[healthCheck.py.main]WiFi check failed (8.8.8.8)
2024-08-22 05:01|[healthCheck.py.main]WiFi recovery
2024-08-22 06:09|[juicer.py.dock]---- Docking 4904 completed  at 8.1 v after 5.2 h playtime
2024-08-22 06:34|[healthCheck.py.main]WiFi check failed (8.8.8.8)
2024-08-22 10:06|[healthCheck.py.main]WiFi check failed (8.8.8.8)
2024-08-22 10:09|[juicer.py.chargingStatus]--- Probable TRICKLE not detected 11.1v
2024-08-22 10:10|[juicer.py.undock]---- Dismount 4904 at 10.5 v after 4.0 h recharge
2024-08-22 10:11|[healthCheck.py.main]WiFi check failed (8.8.8.8)
2024-08-22 10:13|[healthCheck.py.main]WiFi recovery
2024-08-22 11:25|[healthCheck.py.main]WiFi check failed (8.8.8.8)
2024-08-22 11:25|[healthCheck.py.main]WiFi recovery
2024-08-22 11:25|[healthCheck.py.main]WiFi check failed (8.8.8.8)
2024-08-22 11:26|[healthCheck.py.main]WiFi check failed (8.8.8.8)
2024-08-22 12:21|[healthCheck.py.main]WiFi check failed (8.8.8.8)
2024-08-22 12:21|[healthCheck.py.main]WiFi check failed (8.8.8.8)
2024-08-22 13:39|[healthCheck.py.main]WiFi check failed (8.8.8.8)
2024-08-22 13:40|[healthCheck.py.main]WiFi check failed (8.8.8.8)
2024-08-22 13:40|[healthCheck.py.main]WiFi recovery
2024-08-22 15:09|[juicer.py.dock]---- Docking 4905 completed  at 8.1 v after 5.0 h playtime
2024-08-22 19:09|[juicer.py.chargingStatus]--- Probable TRICKLE not detected 11.5v
2024-08-22 19:09|[juicer.py.undock]---- Dismount 4905 at 10.9 v after 4.0 h recharge
2024-08-23 00:29|[juicer.py.dock]---- Docking 4906 completed  at 8.1 v after 5.3 h playtime
2024-08-23 04:29|[juicer.py.chargingStatus]--- Probable TRICKLE not detected 11.4v
2024-08-23 04:29|[juicer.py.undock]---- Dismount 4906 at 10.8 v after 4.0 h recharge
2024-08-23 09:44|[juicer.py.dock]---- Docking 4907 completed  at 8.1 v after 5.2 h playtime
2024-08-23 12:52|[healthCheck.py.main]WiFi check failed (8.8.8.8)
2024-08-23 13:44|[juicer.py.chargingStatus]--- Probable TRICKLE not detected 11.3v
2024-08-23 13:44|[juicer.py.undock]---- Dismount 4907 at 10.7 v after 4.0 h recharge
2024-08-23 18:52|[juicer.py.dock]---- Docking 4908 completed  at 8.1 v after 5.1 h playtime
2024-08-23 22:53|[juicer.py.chargingStatus]--- Probable TRICKLE not detected 11.2v
2024-08-23 22:53|[juicer.py.undock]---- Dismount 4908 at 10.7 v after 4.0 h recharge
2024-08-24 03:59|[juicer.py.dock]---- Docking 4909 completed  at 8.1 v after 5.1 h playtime
2024-08-24 07:59|[juicer.py.chargingStatus]--- Probable TRICKLE not detected 11.3v
2024-08-24 07:59|[juicer.py.undock]---- Dismount 4909 at 10.8 v after 4.0 h recharge
2024-08-24 10:00|[healthCheck.py.main]WiFi check failed (8.8.8.8)
2024-08-24 13:16|[juicer.py.dock]---- Docking 4910 completed  at 8.1 v after 5.3 h playtime
2024-08-24 17:17|[juicer.py.chargingStatus]--- Probable TRICKLE not detected 11.3v
2024-08-24 17:17|[juicer.py.undock]---- Dismount 4910 at 10.8 v after 4.0 h recharge
2024-08-24 22:28|[juicer.py.dock]---- Docking 4911 completed  at 8.1 v after 5.2 h playtime
2024-08-25 02:28|[juicer.py.chargingStatus]--- Probable TRICKLE not detected 11.3v
2024-08-25 02:28|[juicer.py.undock]---- Dismount 4911 at 10.8 v after 4.0 h recharge
2024-08-25 07:43|[juicer.py.dock]---- Docking 4912 completed  at 8.1 v after 5.2 h playtime
2024-08-25 11:43|[juicer.py.chargingStatus]--- Probable TRICKLE not detected 11.3v
2024-08-25 11:43|[juicer.py.undock]---- Dismount 4912 at 10.8 v after 4.0 h recharge
2024-08-25 17:01|[juicer.py.dock]---- Docking 4913 completed  at 8.1 v after 5.3 h playtime
2024-08-25 21:02|[juicer.py.chargingStatus]--- Probable TRICKLE not detected 11.2v
2024-08-25 21:02|[juicer.py.undock]---- Dismount 4913 at 10.7 v after 4.0 h recharge
2024-08-26 02:06|[juicer.py.dock]---- Docking 4914 completed  at 8.1 v after 5.1 h playtime
2024-08-26 06:06|[juicer.py.chargingStatus]--- Probable TRICKLE not detected 11.3v
2024-08-26 06:07|[juicer.py.undock]---- Dismount 4914 at 10.8 v after 4.0 h recharge
2024-08-26 11:16|[juicer.py.dock]---- Docking 4915 completed  at 8.1 v after 5.1 h playtime
2024-08-26 15:16|[juicer.py.chargingStatus]--- Probable TRICKLE not detected 11.3v
2024-08-26 15:16|[juicer.py.undock]---- Dismount 4915 at 10.7 v after 4.0 h recharge
2024-08-26 20:32|[juicer.py.dock]---- Docking 4916 completed  at 8.1 v after 5.2 h playtime
2024-08-27 00:32|[juicer.py.chargingStatus]--- Probable TRICKLE not detected 11.3v
2024-08-27 00:32|[juicer.py.undock]---- Dismount 4916 at 10.9 v after 4.0 h recharge
2024-08-27 05:52|[juicer.py.dock]---- Docking 4917 completed  at 8.1 v after 5.3 h playtime
2024-08-27 07:07|[healthCheck.py.main]WiFi check failed (8.8.8.8)
2024-08-27 09:52|[juicer.py.chargingStatus]--- Probable TRICKLE not detected 11.4v
2024-08-27 09:52|[juicer.py.undock]---- Dismount 4917 at 10.8 v after 4.0 h recharge
2024-08-27 15:13|[juicer.py.dock]---- Docking 4918 completed  at 8.1 v after 5.3 h playtime
2024-08-27 19:14|[juicer.py.chargingStatus]--- Probable TRICKLE not detected 11.3v
2024-08-27 19:14|[juicer.py.undock]---- Dismount 4918 at 10.8 v after 4.0 h recharge
2024-08-28 00:25|[juicer.py.dock]---- Docking 4919 completed  at 8.1 v after 5.2 h playtime
2024-08-28 04:25|[juicer.py.chargingStatus]--- Probable TRICKLE not detected 11.2v
2024-08-28 04:25|[juicer.py.undock]---- Dismount 4919 at 10.7 v after 4.0 h recharge
2024-08-28 09:34|[juicer.py.dock]---- Docking 4920 completed  at 8.1 v after 5.1 h playtime
2024-08-28 13:35|[juicer.py.chargingStatus]--- Probable TRICKLE not detected 11.4v
2024-08-28 13:35|[juicer.py.undock]---- Dismount 4920 at 10.9 v after 4.0 h recharge
2024-08-28 15:37|[healthCheck.py.main]WiFi check failed (8.8.8.8)
2024-08-28 18:56|[juicer.py.dock]---- Docking 4921 completed  at 8.1 v after 5.3 h playtime
2024-08-28 22:56|[juicer.py.chargingStatus]--- Probable TRICKLE not detected 11.4v
2024-08-28 22:56|[juicer.py.undock]---- Dismount 4921 at 10.9 v after 4.0 h recharge
2024-08-29 01:07|[healthCheck.py.main]WiFi check failed (8.8.8.8)
2024-08-29 03:31|[healthCheck.py.main]WiFi check failed (8.8.8.8)
2024-08-29 03:31|[healthCheck.py.main]WiFi recovery
2024-08-29 04:16|[juicer.py.dock]---- Docking 4922 completed  at 8.1 v after 5.3 h playtime
2024-08-29 08:17|[juicer.py.chargingStatus]--- Probable TRICKLE not detected 11.3v
2024-08-29 08:17|[juicer.py.undock]---- Dismount 4922 at 10.8 v after 4.0 h recharge
2024-08-29 13:28|[juicer.py.dock]---- Docking 4923 completed  at 8.1 v after 5.2 h playtime
2024-08-29 17:28|[juicer.py.chargingStatus]--- Probable TRICKLE not detected 11.4v
2024-08-29 17:28|[juicer.py.undock]---- Dismount 4923 at 10.8 v after 4.0 h recharge
2024-08-29 22:41|[juicer.py.dock]---- Docking 4924 completed  at 8.1 v after 5.2 h playtime
2024-08-30 02:41|[juicer.py.chargingStatus]--- Probable TRICKLE not detected 11.3v
2024-08-30 02:41|[juicer.py.undock]---- Dismount 4924 at 10.8 v after 4.0 h recharge
2024-08-30 07:53|[juicer.py.dock]---- Docking 4925 completed  at 8.1 v after 5.2 h playtime
2024-08-30 11:54|[juicer.py.chargingStatus]--- Probable TRICKLE not detected 11.3v
2024-08-30 11:54|[juicer.py.undock]---- Dismount 4925 at 10.7 v after 4.0 h recharge
2024-08-30 17:02|[juicer.py.dock]---- Docking 4926 completed  at 8.1 v after 5.1 h playtime
2024-08-30 18:17|[healthCheck.py.main]WiFi check failed (8.8.8.8)
2024-08-30 21:03|[juicer.py.chargingStatus]--- Probable TRICKLE not detected 11.2v
2024-08-30 21:03|[juicer.py.undock]---- Dismount 4926 at 10.7 v after 4.0 h recharge
2024-08-31 02:10|[juicer.py.dock]---- Docking 4927 completed  at 8.1 v after 5.1 h playtime
2024-08-31 06:10|[juicer.py.chargingStatus]--- Probable TRICKLE not detected 11.4v
2024-08-31 06:10|[juicer.py.undock]---- Dismount 4927 at 10.9 v after 4.0 h recharge
2024-08-31 11:28|[juicer.py.dock]---- Docking 4928 completed  at 8.1 v after 5.3 h playtime
2024-08-31 15:29|[juicer.py.chargingStatus]--- Probable TRICKLE not detected 11.3v
2024-08-31 15:29|[juicer.py.undock]---- Dismount 4928 at 10.7 v after 4.0 h recharge
2024-08-31 20:41|[juicer.py.dock]---- Docking 4929 completed  at 8.1 v after 5.2 h playtime
2024-09-01 00:41|[juicer.py.chargingStatus]--- Probable TRICKLE not detected 11.2v
2024-09-01 00:42|[juicer.py.undock]---- Dismount 4929 at 10.7 v after 4.0 h recharge
2024-09-01 05:44|[juicer.py.dock]---- Docking 4930 completed  at 8.1 v after 5.0 h playtime
2024-09-01 09:44|[juicer.py.chargingStatus]--- Probable TRICKLE not detected 11.4v
2024-09-01 09:44|[juicer.py.undock]---- Dismount 4930 at 10.8 v after 4.0 h recharge
2024-09-01 14:56|[juicer.py.dock]---- Docking 4931 completed  at 8.1 v after 5.2 h playtime
2024-09-01 18:56|[juicer.py.chargingStatus]--- Probable TRICKLE not detected 11.5v
2024-09-01 18:57|[juicer.py.undock]---- Dismount 4931 at 10.9 v after 4.0 h recharge
2024-09-02 00:20|[juicer.py.dock]---- Docking 4932 completed  at 8.1 v after 5.4 h playtime
2024-09-02 04:21|[juicer.py.chargingStatus]--- Probable TRICKLE not detected 11.3v
2024-09-02 04:21|[juicer.py.undock]---- Dismount 4932 at 10.8 v after 4.0 h recharge
2024-09-02 09:26|[juicer.py.dock]---- Docking 4933 completed  at 8.1 v after 5.1 h playtime
2024-09-02 10:39|[healthCheck.py.main]WiFi check failed (8.8.8.8)
2024-09-02 13:27|[juicer.py.chargingStatus]--- Probable TRICKLE not detected 11.3v
2024-09-02 13:27|[juicer.py.undock]---- Dismount 4933 at 10.7 v after 4.0 h recharge
2024-09-02 16:54|[healthCheck.py.main]WiFi check failed (8.8.8.8)
2024-09-02 18:34|[juicer.py.dock]---- Docking 4934 completed  at 8.1 v after 5.1 h playtime
2024-09-02 22:34|[juicer.py.chargingStatus]--- Probable TRICKLE not detected 11.3v
2024-09-02 22:35|[juicer.py.undock]---- Dismount 4934 at 10.8 v after 4.0 h recharge
2024-09-03 03:45|[juicer.py.dock]---- Docking 4935 completed  at 8.1 v after 5.2 h playtime
2024-09-03 07:45|[juicer.py.chargingStatus]--- Probable TRICKLE not detected 11.4v
2024-09-03 07:45|[juicer.py.undock]---- Dismount 4935 at 10.8 v after 4.0 h recharge
2024-09-03 13:01|[juicer.py.dock]---- Docking 4936 completed  at 8.1 v after 5.3 h playtime
2024-09-03 17:02|[juicer.py.chargingStatus]--- Probable TRICKLE not detected 11.4v
2024-09-03 17:02|[juicer.py.undock]---- Dismount 4936 at 10.8 v after 4.0 h recharge
2024-09-03 22:14|[healthCheck.py.main]WiFi check failed (8.8.8.8)
2024-09-03 22:15|[juicer.py.dock]---- Docking 4937 completed  at 8.1 v after 5.2 h playtime
2024-09-04 02:15|[juicer.py.chargingStatus]--- Probable TRICKLE not detected 11.3v
2024-09-04 02:15|[juicer.py.undock]---- Dismount 4937 at 10.8 v after 4.0 h recharge
2024-09-04 07:22|[juicer.py.dock]---- Docking 4938 completed  at 8.1 v after 5.1 h playtime
2024-09-04 11:23|[juicer.py.chargingStatus]--- Probable TRICKLE not detected 11.4v
2024-09-04 11:23|[juicer.py.undock]---- Dismount 4938 at 10.8 v after 4.0 h recharge
2024-09-04 16:35|[juicer.py.dock]---- Docking 4939 completed  at 8.1 v after 5.2 h playtime
2024-09-04 20:35|[juicer.py.chargingStatus]--- Probable TRICKLE not detected 11.3v
2024-09-04 20:35|[juicer.py.undock]---- Dismount 4939 at 10.8 v after 4.0 h recharge
2024-09-05 01:49|[juicer.py.dock]---- Docking 4940 completed  at 8.1 v after 5.2 h playtime
2024-09-05 05:50|[juicer.py.chargingStatus]--- Probable TRICKLE not detected 11.5v
2024-09-05 05:50|[juicer.py.undock]---- Dismount 4940 at 10.9 v after 4.0 h recharge
2024-09-05 11:05|[juicer.py.dock]---- Docking 4941 completed  at 8.1 v after 5.2 h playtime
2024-09-05 15:05|[juicer.py.chargingStatus]--- Probable TRICKLE not detected 11.3v
2024-09-05 15:05|[juicer.py.undock]---- Dismount 4941 at 10.7 v after 4.0 h recharge
2024-09-05 20:10|[juicer.py.dock]---- Docking 4942 completed  at 8.1 v after 5.1 h playtime
2024-09-06 00:10|[juicer.py.chargingStatus]--- Probable TRICKLE not detected 11.4v
2024-09-06 00:10|[juicer.py.undock]---- Dismount 4942 at 10.8 v after 4.0 h recharge
2024-09-06 05:27|[juicer.py.dock]---- Docking 4943 completed  at 8.1 v after 5.3 h playtime
2024-09-06 09:27|[juicer.py.chargingStatus]--- Probable TRICKLE not detected 11.3v
2024-09-06 09:27|[juicer.py.undock]---- Dismount 4943 at 10.8 v after 4.0 h recharge
2024-09-06 14:40|[juicer.py.dock]---- Docking 4944 completed  at 8.1 v after 5.2 h playtime
2024-09-06 18:40|[juicer.py.chargingStatus]--- Probable TRICKLE not detected 11.3v
2024-09-06 18:41|[juicer.py.undock]---- Dismount 4944 at 10.7 v after 4.0 h recharge
2024-09-06 23:50|[juicer.py.dock]---- Docking 4945 completed  at 8.1 v after 5.1 h playtime
2024-09-07 03:50|[juicer.py.chargingStatus]--- Probable TRICKLE not detected 11.4v
2024-09-07 03:51|[juicer.py.undock]---- Dismount 4945 at 10.9 v after 4.0 h recharge
2024-09-07 09:09|[juicer.py.dock]---- Docking 4946 completed  at 8.1 v after 5.3 h playtime
2024-09-07 13:10|[juicer.py.chargingStatus]--- Probable TRICKLE not detected 11.4v
2024-09-07 13:10|[juicer.py.undock]---- Dismount 4946 at 10.8 v after 4.0 h recharge
2024-09-07 18:28|[juicer.py.dock]---- Docking 4947 completed  at 8.1 v after 5.3 h playtime
2024-09-07 22:28|[juicer.py.chargingStatus]--- Probable TRICKLE not detected 11.3v
2024-09-07 22:28|[juicer.py.undock]---- Dismount 4947 at 10.8 v after 4.0 h recharge
2024-09-08 03:37|[juicer.py.dock]---- Docking 4948 completed  at 8.1 v after 5.1 h playtime
2024-09-08 07:37|[juicer.py.chargingStatus]--- Probable TRICKLE not detected 11.3v
2024-09-08 07:37|[juicer.py.undock]---- Dismount 4948 at 10.7 v after 4.0 h recharge
2024-09-08 12:42|[juicer.py.dock]---- Docking 4949 completed  at 8.1 v after 5.1 h playtime
2024-09-08 16:43|[juicer.py.chargingStatus]--- Probable TRICKLE not detected 11.5v
2024-09-08 16:43|[juicer.py.undock]---- Dismount 4949 at 10.9 v after 4.0 h recharge
2024-09-08 18:05|[healthCheck.py.main]WiFi check failed (8.8.8.8)
2024-09-08 22:02|[juicer.py.dock]---- Docking 4950 completed  at 8.1 v after 5.3 h playtime
2024-09-09 02:03|[juicer.py.chargingStatus]--- Probable TRICKLE not detected 11.4v
2024-09-09 02:03|[juicer.py.undock]---- Dismount 4950 at 10.8 v after 4.0 h recharge
2024-09-09 07:19|[juicer.py.dock]---- Docking 4951 completed  at 8.1 v after 5.3 h playtime
2024-09-09 11:19|[juicer.py.chargingStatus]--- Probable TRICKLE not detected 11.3v
2024-09-09 11:20|[juicer.py.undock]---- Dismount 4951 at 10.8 v after 4.0 h recharge
2024-09-09 16:34|[juicer.py.dock]---- Docking 4952 completed  at 8.1 v after 5.2 h playtime
2024-09-09 20:34|[juicer.py.chargingStatus]--- Probable TRICKLE not detected 11.4v
2024-09-09 20:35|[juicer.py.undock]---- Dismount 4952 at 10.9 v after 4.0 h recharge
2024-09-10 01:48|[juicer.py.dock]---- Docking 4953 completed  at 8.1 v after 5.2 h playtime
2024-09-10 05:49|[juicer.py.chargingStatus]--- Probable TRICKLE not detected 11.4v
2024-09-10 05:49|[juicer.py.undock]---- Dismount 4953 at 10.9 v after 4.0 h recharge
2024-09-10 11:07|[juicer.py.dock]---- Docking 4954 completed  at 8.1 v after 5.3 h playtime
2024-09-10 15:07|[juicer.py.chargingStatus]--- Probable TRICKLE not detected 11.3v
2024-09-10 15:07|[juicer.py.undock]---- Dismount 4954 at 10.7 v after 4.0 h recharge
2024-09-10 20:18|[juicer.py.dock]---- Docking 4955 completed  at 8.1 v after 5.2 h playtime
2024-09-11 00:19|[juicer.py.chargingStatus]--- Probable TRICKLE not detected 11.3v
2024-09-11 00:19|[juicer.py.undock]---- Dismount 4955 at 10.8 v after 4.0 h recharge
2024-09-11 04:26|[healthCheck.py.main]WiFi check failed (8.8.8.8)
2024-09-11 04:28|[healthCheck.py.main]WiFi recovery
2024-09-11 04:28|[healthCheck.py.main]WiFi check failed (8.8.8.8)
2024-09-11 04:29|[healthCheck.py.main]WiFi recovery
2024-09-11 05:27|[juicer.py.dock]---- Docking 4956 completed  at 8.1 v after 5.1 h playtime
2024-09-11 09:27|[juicer.py.chargingStatus]--- Probable TRICKLE not detected 11.4v
2024-09-11 09:27|[juicer.py.undock]---- Dismount 4956 at 10.9 v after 4.0 h recharge
2024-09-11 14:46|[juicer.py.dock]---- Docking 4957 completed  at 8.1 v after 5.3 h playtime
2024-09-11 18:47|[juicer.py.chargingStatus]--- Probable TRICKLE not detected 11.4v
2024-09-11 18:47|[juicer.py.undock]---- Dismount 4957 at 10.7 v after 4.0 h recharge
2024-09-11 23:59|[juicer.py.dock]---- Docking 4958 completed  at 8.1 v after 5.2 h playtime
2024-09-12 04:00|[juicer.py.chargingStatus]--- Probable TRICKLE not detected 11.3v
2024-09-12 04:00|[juicer.py.undock]---- Dismount 4958 at 10.8 v after 4.0 h recharge
2024-09-12 09:04|[juicer.py.dock]---- Docking 4959 completed  at 8.1 v after 5.1 h playtime
2024-09-12 10:09|[healthCheck.py.main]WiFi check failed (8.8.8.8)
2024-09-12 13:04|[juicer.py.chargingStatus]--- Probable TRICKLE not detected 11.3v
2024-09-12 13:05|[juicer.py.undock]---- Dismount 4959 at 10.7 v after 4.0 h recharge
2024-09-12 13:06|[healthCheck.py.main]WiFi check failed (8.8.8.8)
2024-09-12 14:34|[healthCheck.py.main]WiFi check failed (8.8.8.8)
2024-09-12 18:08|[juicer.py.dock]---- Docking 4960 completed  at 8.1 v after 5.1 h playtime
2024-09-12 22:09|[juicer.py.chargingStatus]--- Probable TRICKLE not detected 11.4v
2024-09-12 22:09|[juicer.py.undock]---- Dismount 4960 at 10.9 v after 4.0 h recharge
2024-09-13 03:25|[juicer.py.dock]---- Docking 4961 completed  at 8.1 v after 5.3 h playtime
2024-09-13 07:26|[juicer.py.chargingStatus]--- Probable TRICKLE not detected 11.3v
2024-09-13 07:26|[juicer.py.undock]---- Dismount 4961 at 10.7 v after 4.0 h recharge
2024-09-13 12:34|[juicer.py.dock]---- Docking 4962 completed  at 8.1 v after 5.1 h playtime
2024-09-13 16:35|[juicer.py.chargingStatus]--- Probable TRICKLE not detected 11.3v
2024-09-13 16:35|[juicer.py.undock]---- Dismount 4962 at 10.7 v after 4.0 h recharge
2024-09-13 21:40|[juicer.py.dock]---- Docking 4963 completed  at 8.1 v after 5.1 h playtime
2024-09-14 01:40|[juicer.py.chargingStatus]--- Probable TRICKLE not detected 11.4v
2024-09-14 01:40|[juicer.py.undock]---- Dismount 4963 at 10.8 v after 4.0 h recharge
2024-09-14 06:49|[juicer.py.dock]---- Docking 4964 completed  at 8.1 v after 5.1 h playtime
2024-09-14 10:50|[juicer.py.chargingStatus]--- Probable TRICKLE not detected 11.3v
2024-09-14 10:50|[juicer.py.undock]---- Dismount 4964 at 10.8 v after 4.0 h recharge
2024-09-14 16:03|[juicer.py.dock]---- Docking 4965 completed  at 8.1 v after 5.2 h playtime
2024-09-14 20:04|[juicer.py.chargingStatus]--- Probable TRICKLE not detected 11.4v
2024-09-14 20:04|[juicer.py.undock]---- Dismount 4965 at 10.8 v after 4.0 h recharge
2024-09-15 01:21|[juicer.py.dock]---- Docking 4966 completed  at 8.1 v after 5.3 h playtime
2024-09-15 05:21|[juicer.py.chargingStatus]--- Probable TRICKLE not detected 11.3v
2024-09-15 05:22|[juicer.py.undock]---- Dismount 4966 at 10.8 v after 4.0 h recharge
2024-09-15 10:27|[juicer.py.dock]---- Docking 4967 completed  at 8.1 v after 5.1 h playtime
2024-09-15 14:27|[juicer.py.chargingStatus]--- Probable TRICKLE not detected 11.4v
2024-09-15 14:27|[juicer.py.undock]---- Dismount 4967 at 10.9 v after 4.0 h recharge
2024-09-15 19:41|[juicer.py.dock]---- Docking 4968 completed  at 8.1 v after 5.2 h playtime
2024-09-15 23:42|[juicer.py.chargingStatus]--- Probable TRICKLE not detected 11.1v
2024-09-15 23:42|[juicer.py.undock]---- Dismount 4968 at 10.7 v after 4.0 h recharge
2024-09-16 04:41|[juicer.py.dock]---- Docking 4969 completed  at 8.1 v after 5.0 h playtime
2024-09-16 08:42|[juicer.py.chargingStatus]--- Probable TRICKLE not detected 11.3v
2024-09-16 08:42|[juicer.py.undock]---- Dismount 4969 at 10.8 v after 4.0 h recharge
2024-09-16 13:46|[juicer.py.dock]---- Docking 4970 completed  at 8.1 v after 5.1 h playtime
2024-09-16 17:47|[juicer.py.chargingStatus]--- Probable TRICKLE not detected 11.2v
2024-09-16 17:47|[juicer.py.undock]---- Dismount 4970 at 10.7 v after 4.0 h recharge
2024-09-16 22:51|[juicer.py.dock]---- Docking 4971 completed  at 8.1 v after 5.1 h playtime
2024-09-17 02:51|[juicer.py.chargingStatus]--- Probable TRICKLE not detected 11.4v
2024-09-17 02:51|[juicer.py.undock]---- Dismount 4971 at 10.9 v after 4.0 h recharge
2024-09-17 08:02|[juicer.py.dock]---- Docking 4972 completed  at 8.1 v after 5.2 h playtime
2024-09-17 12:02|[juicer.py.chargingStatus]--- Probable TRICKLE not detected 11.4v
2024-09-17 12:03|[juicer.py.undock]---- Dismount 4972 at 10.8 v after 4.0 h recharge
2024-09-17 17:18|[juicer.py.dock]---- Docking 4973 completed  at 8.1 v after 5.2 h playtime
2024-09-17 21:18|[juicer.py.chargingStatus]--- Probable TRICKLE not detected 11.2v
2024-09-17 21:19|[juicer.py.undock]---- Dismount 4973 at 10.7 v after 4.0 h recharge
2024-09-18 02:17|[juicer.py.dock]---- Docking 4974 completed  at 8.1 v after 5.0 h playtime
2024-09-18 06:18|[juicer.py.chargingStatus]--- Probable TRICKLE not detected 11.2v
2024-09-18 06:18|[juicer.py.undock]---- Dismount 4974 at 10.7 v after 4.0 h recharge
2024-09-18 11:15|[juicer.py.dock]---- Docking 4975 completed  at 8.1 v after 4.9 h playtime
2024-09-18 15:16|[juicer.py.chargingStatus]--- Probable TRICKLE not detected 11.5v
2024-09-18 15:16|[juicer.py.undock]---- Dismount 4975 at 10.9 v after 4.0 h recharge
2024-09-18 20:34|[juicer.py.dock]---- Docking 4976 completed  at 8.1 v after 5.3 h playtime
2024-09-19 00:34|[juicer.py.chargingStatus]--- Probable TRICKLE not detected 11.3v
2024-09-19 00:34|[juicer.py.undock]---- Dismount 4976 at 10.8 v after 4.0 h recharge
2024-09-19 05:38|[juicer.py.dock]---- Docking 4977 completed  at 8.1 v after 5.1 h playtime
2024-09-19 09:38|[juicer.py.chargingStatus]--- Probable TRICKLE not detected 11.4v
2024-09-19 09:38|[juicer.py.undock]---- Dismount 4977 at 10.8 v after 4.0 h recharge
2024-09-19 14:46|[juicer.py.dock]---- Docking 4978 completed  at 8.1 v after 5.1 h playtime
2024-09-19 18:46|[juicer.py.chargingStatus]--- Probable TRICKLE not detected 11.3v
2024-09-19 18:46|[juicer.py.undock]---- Dismount 4978 at 10.8 v after 4.0 h recharge
2024-09-19 23:55|[juicer.py.dock]---- Docking 4979 completed  at 8.1 v after 5.1 h playtime
2024-09-20 03:55|[juicer.py.chargingStatus]--- Probable TRICKLE not detected 11.2v
2024-09-20 03:55|[juicer.py.undock]---- Dismount 4979 at 10.7 v after 4.0 h recharge
2024-09-20 08:47|[juicer.py.dock]---- Docking 4980 completed  at 8.1 v after 4.9 h playtime
2024-09-20 12:48|[juicer.py.chargingStatus]--- Probable TRICKLE not detected 11.4v
2024-09-20 12:48|[juicer.py.undock]---- Dismount 4980 at 10.8 v after 4.0 h recharge
2024-09-20 17:57|[juicer.py.dock]---- Docking 4981 completed  at 8.1 v after 5.1 h playtime
2024-09-20 21:58|[juicer.py.chargingStatus]--- Probable TRICKLE not detected 11.2v
2024-09-20 21:58|[juicer.py.undock]---- Dismount 4981 at 10.7 v after 4.0 h recharge
2024-09-21 02:54|[juicer.py.dock]---- Docking 4982 completed  at 8.1 v after 4.9 h playtime
2024-09-21 06:54|[juicer.py.chargingStatus]--- Probable TRICKLE not detected 11.5v
2024-09-21 06:54|[juicer.py.undock]---- Dismount 4982 at 11.0 v after 4.0 h recharge
2024-09-21 12:15|[juicer.py.dock]---- Docking 4983 completed  at 8.1 v after 5.3 h playtime
2024-09-21 16:15|[juicer.py.chargingStatus]--- Probable TRICKLE not detected 11.4v
2024-09-21 16:15|[juicer.py.undock]---- Dismount 4983 at 10.8 v after 4.0 h recharge
2024-09-21 21:26|[juicer.py.dock]---- Docking 4984 completed  at 8.1 v after 5.2 h playtime
2024-09-22 01:27|[juicer.py.chargingStatus]--- Probable TRICKLE not detected 11.2v
2024-09-22 01:27|[juicer.py.undock]---- Dismount 4984 at 10.7 v after 4.0 h recharge
2024-09-22 06:30|[juicer.py.dock]---- Docking 4985 completed  at 8.1 v after 5.0 h playtime
2024-09-22 10:31|[juicer.py.chargingStatus]--- Probable TRICKLE not detected 11.3v
2024-09-22 10:31|[juicer.py.undock]---- Dismount 4985 at 10.8 v after 4.0 h recharge
2024-09-22 15:41|[juicer.py.dock]---- Docking 4986 completed  at 8.1 v after 5.2 h playtime
2024-09-22 19:42|[juicer.py.chargingStatus]--- Probable TRICKLE not detected 11.3v
2024-09-22 19:42|[juicer.py.undock]---- Dismount 4986 at 10.7 v after 4.0 h recharge
2024-09-23 00:47|[juicer.py.dock]---- Docking 4987 completed  at 8.1 v after 5.1 h playtime
2024-09-23 04:48|[juicer.py.chargingStatus]--- Probable TRICKLE not detected 11.3v
2024-09-23 04:48|[juicer.py.undock]---- Dismount 4987 at 10.8 v after 4.0 h recharge
2024-09-23 09:52|[juicer.py.dock]---- Docking 4988 completed  at 8.1 v after 5.1 h playtime
2024-09-23 13:52|[juicer.py.chargingStatus]--- Probable TRICKLE not detected 11.4v
2024-09-23 13:53|[juicer.py.undock]---- Dismount 4988 at 10.8 v after 4.0 h recharge
2024-09-23 19:00|[juicer.py.dock]---- Docking 4989 completed  at 8.1 v after 5.1 h playtime
2024-09-23 23:00|[juicer.py.chargingStatus]--- Probable TRICKLE not detected 11.4v
2024-09-23 23:00|[juicer.py.undock]---- Dismount 4989 at 10.9 v after 4.0 h recharge
2024-09-24 02:49|[healthCheck.py.main]WiFi check failed (8.8.8.8)
2024-09-24 04:14|[juicer.py.dock]---- Docking 4990 completed  at 8.1 v after 5.2 h playtime
2024-09-24 08:14|[juicer.py.chargingStatus]--- Probable TRICKLE not detected 11.3v
2024-09-24 08:15|[juicer.py.undock]---- Dismount 4990 at 10.7 v after 4.0 h recharge
2024-09-24 12:14|[healthCheck.py.main]WiFi check failed (8.8.8.8)
2024-09-24 13:18|[juicer.py.dock]---- Docking 4991 completed  at 8.1 v after 5.1 h playtime
2024-09-24 17:19|[juicer.py.chargingStatus]--- Probable TRICKLE not detected 11.4v
2024-09-24 17:19|[juicer.py.undock]---- Dismount 4991 at 10.8 v after 4.0 h recharge
2024-09-24 22:30|[juicer.py.dock]---- Docking 4992 completed  at 8.1 v after 5.2 h playtime
2024-09-25 02:31|[juicer.py.chargingStatus]--- Probable TRICKLE not detected 11.5v
2024-09-25 02:31|[juicer.py.undock]---- Dismount 4992 at 11.0 v after 4.0 h recharge
2024-09-25 07:49|[juicer.py.dock]---- Docking 4993 completed  at 8.1 v after 5.3 h playtime
2024-09-25 11:49|[juicer.py.chargingStatus]--- Probable TRICKLE not detected 11.4v
2024-09-25 11:50|[juicer.py.undock]---- Dismount 4993 at 10.8 v after 4.0 h recharge
2024-09-25 17:06|[juicer.py.dock]---- Docking 4994 completed  at 8.1 v after 5.3 h playtime
2024-09-25 21:06|[juicer.py.chargingStatus]--- Probable TRICKLE not detected 11.2v
2024-09-25 21:06|[juicer.py.undock]---- Dismount 4994 at 10.7 v after 4.0 h recharge
2024-09-25 23:11|[healthCheck.py.main]WiFi check failed (8.8.8.8)
2024-09-26 02:11|[juicer.py.dock]---- Docking 4995 completed  at 8.1 v after 5.1 h playtime
2024-09-26 06:12|[juicer.py.chargingStatus]--- Probable TRICKLE not detected 11.3v
2024-09-26 06:12|[juicer.py.undock]---- Dismount 4995 at 10.8 v after 4.0 h recharge
2024-09-26 11:18|[juicer.py.dock]---- Docking 4996 completed  at 8.1 v after 5.1 h playtime
2024-09-26 15:18|[juicer.py.chargingStatus]--- Probable TRICKLE not detected 12.0v
2024-09-26 15:19|[juicer.py.undock]---- Dismount 4996 at 11.3 v after 4.0 h recharge
2024-09-26 22:41|[juicer.py.dock]---- Docking 4997 completed  at 8.1 v after 7.4 h playtime
2024-09-27 02:42|[juicer.py.chargingStatus]--- Probable TRICKLE not detected 12.0v
2024-09-27 02:42|[juicer.py.undock]---- Dismount 4997 at 11.3 v after 4.0 h recharge
2024-09-27 10:13|[juicer.py.dock]---- Docking 4998 completed  at 8.1 v after 7.5 h playtime
2024-09-27 11:57|[healthCheck.py.main]WiFi check failed (8.8.8.8)
2024-09-27 11:57|[healthCheck.py.main]WiFi recovery
2024-09-27 14:13|[juicer.py.chargingStatus]--- Probable TRICKLE not detected 12.0v
2024-09-27 14:13|[juicer.py.undock]---- Dismount 4998 at 11.4 v after 4.0 h recharge
2024-09-27 21:39|[juicer.py.dock]---- Docking 4999 completed  at 8.1 v after 7.4 h playtime
2024-09-28 01:39|[juicer.py.chargingStatus]--- Probable TRICKLE not detected 11.9v
2024-09-28 01:39|[juicer.py.undock]---- Dismount 4999 at 11.3 v after 4.0 h recharge
2024-09-28 09:01|[juicer.py.dock]---- Docking 5000 completed  at 8.1 v after 7.4 h playtime
2024-09-28 10:27|[juicer.py.chargingStatus]--- Possible EARLY TRICKLE DETECTED at 10.2v
2024-09-28 10:28|[healthCheck.py.main]WiFi check failed (8.8.8.8)
2024-09-28 10:28|[juicer.py.undock]---- Dismount 5000 at 10.2 v after 1.4 h recharge
2024-09-28 13:13|[juicer.py.dock]---- Docking 5001 completed  at 8.1 v after 2.7 h playtime
2024-09-28 13:17|[juicer.py.main]---- Docking Failure Possible
2024-09-28 13:18|[juicer.py.undock]---- Dismount 5001 at 7.7 v after 0.1 h recharge
2024-09-28 13:18|[juicer.py.dock]---- Docking 5002 completed  at 7.7 v after 0.0 h playtime
2024-09-28 13:23|[juicer.py.main]---- Docking Failure Possible
2024-09-28 13:23|[juicer.py.undock]---- Dismount 5002 at 7.4 v after 0.1 h recharge
2024-09-28 13:24|[juicer.py.dock]---- Docking 5003 completed  at 7.4 v after 0.0 h playtime
2024-09-28 13:24|[juicer.py.safetyCheck]Safety Shutdown at 7.20 volts
2024-09-28 13:24|[healthCheck.py.main]WARNING - juicer not running
2024-09-28 15:13|lifelogger.dEmain execution: 903.22
2024-09-28 15:13|------------ boot ------------
2024-09-28 15:13|[juicer.py.main]---- juicer.py started at 10.24v
2024-09-28 15:15|[logMaintenance.py.main]** UPS was off, reason unknown **
2024-09-28 15:21|[juicer.py.dock]**** Dock Approach Error
2024-09-28 15:21|[juicer.py.dock]---- Manual Docking 5001 requested  at 8.1 v after 0.0 h playtime
2024-09-28 15:21|[healthCheck.py.main]WARNING - juicer not running
2024-09-28 15:44|lifelogger.dEmain execution: 0.5
2024-09-28 15:44|------------ boot ------------
2024-09-28 15:44|[juicer.py.main]---- juicer.py started at 10.19v
2024-09-28 19:29|[juicer.py.undock]---- Dismount 5001 at 11.3 v after 3.7 h recharge
2024-09-29 03:21|[juicer.py.dock]---- Docking 5002 completed  at 8.1 v after 7.9 h playtime
2024-09-29 07:22|[juicer.py.chargingStatus]--- Probable TRICKLE not detected 11.9v
2024-09-29 07:22|[juicer.py.undock]---- Dismount 5002 at 11.4 v after 4.0 h recharge
2024-09-29 15:02|[juicer.py.dock]---- Docking 5003 completed  at 8.1 v after 7.7 h playtime
2024-09-29 19:03|[juicer.py.chargingStatus]--- Probable TRICKLE not detected 11.9v
2024-09-29 19:03|[juicer.py.undock]---- Dismount 5003 at 11.3 v after 4.0 h recharge
2024-09-30 02:44|[juicer.py.dock]---- Docking 5004 completed  at 8.1 v after 7.7 h playtime
2024-09-30 06:44|[juicer.py.chargingStatus]--- Probable TRICKLE not detected 12.0v
2024-09-30 06:44|[juicer.py.undock]---- Dismount 5004 at 11.4 v after 4.0 h recharge
2024-09-30 14:28|[juicer.py.dock]---- Docking 5005 completed  at 8.1 v after 7.7 h playtime
2024-09-30 18:28|[juicer.py.chargingStatus]--- Probable TRICKLE not detected 12.0v
2024-09-30 18:28|[juicer.py.undock]---- Dismount 5005 at 11.4 v after 4.0 h recharge
2024-10-01 02:06|[juicer.py.dock]---- Docking 5006 completed  at 8.1 v after 7.6 h playtime
2024-10-01 06:07|[juicer.py.chargingStatus]--- Probable TRICKLE not detected 12.0v
2024-10-01 06:07|[juicer.py.undock]---- Dismount 5006 at 11.4 v after 4.0 h recharge
2024-10-01 13:48|[juicer.py.dock]---- Docking 5007 completed  at 8.1 v after 7.7 h playtime
2024-10-01 17:48|[juicer.py.chargingStatus]--- Probable TRICKLE not detected 11.9v
2024-10-01 17:49|[juicer.py.undock]---- Dismount 5007 at 11.4 v after 4.0 h recharge
2024-10-02 01:25|[juicer.py.dock]---- Docking 5008 completed  at 8.1 v after 7.6 h playtime
2024-10-02 05:25|[juicer.py.chargingStatus]--- Probable TRICKLE not detected 12.0v
2024-10-02 05:25|[juicer.py.undock]---- Dismount 5008 at 11.3 v after 4.0 h recharge
2024-10-02 13:01|[juicer.py.dock]---- Docking 5009 completed  at 8.1 v after 7.6 h playtime
2024-10-02 17:02|[juicer.py.chargingStatus]--- Probable TRICKLE not detected 12.0v
2024-10-02 17:02|[juicer.py.undock]---- Dismount 5009 at 11.4 v after 4.0 h recharge
2024-10-02 19:14|[healthCheck.py.main]WiFi check failed (8.8.8.8)
2024-10-03 00:40|[juicer.py.dock]---- Docking 5010 completed  at 8.1 v after 7.6 h playtime
2024-10-03 04:40|[juicer.py.chargingStatus]--- Probable TRICKLE not detected 12.0v
2024-10-03 04:40|[juicer.py.undock]---- Dismount 5010 at 11.4 v after 4.0 h recharge
2024-10-03 12:19|[juicer.py.dock]---- Docking 5011 completed  at 8.1 v after 7.6 h playtime
2024-10-03 16:20|[juicer.py.chargingStatus]--- Probable TRICKLE not detected 11.9v
2024-10-03 16:20|[juicer.py.undock]---- Dismount 5011 at 11.4 v after 4.0 h recharge
2024-10-04 00:00|[juicer.py.dock]---- Docking 5012 completed  at 8.1 v after 7.7 h playtime
2024-10-04 04:00|[juicer.py.chargingStatus]--- Probable TRICKLE not detected 11.9v
2024-10-04 04:00|[juicer.py.undock]---- Dismount 5012 at 11.4 v after 4.0 h recharge
2024-10-04 11:37|[juicer.py.dock]---- Docking 5013 completed  at 8.1 v after 7.6 h playtime
2024-10-04 15:38|[juicer.py.chargingStatus]--- Probable TRICKLE not detected 11.9v
2024-10-04 15:38|[juicer.py.undock]---- Dismount 5013 at 11.4 v after 4.0 h recharge
2024-10-04 23:15|[juicer.py.dock]---- Docking 5014 completed  at 8.1 v after 7.6 h playtime
2024-10-05 03:15|[juicer.py.chargingStatus]--- Probable TRICKLE not detected 11.9v
2024-10-05 03:15|[juicer.py.undock]---- Dismount 5014 at 11.4 v after 4.0 h recharge
2024-10-05 10:55|[juicer.py.dock]---- Docking 5015 completed  at 8.1 v after 7.7 h playtime
2024-10-05 14:55|[juicer.py.chargingStatus]--- Probable TRICKLE not detected 11.9v
2024-10-05 14:56|[juicer.py.undock]---- Dismount 5015 at 11.3 v after 4.0 h recharge
2024-10-05 22:34|[juicer.py.dock]---- Docking 5016 completed  at 8.1 v after 7.6 h playtime
2024-10-06 02:34|[juicer.py.chargingStatus]--- Probable TRICKLE not detected 12.0v
2024-10-06 02:34|[juicer.py.undock]---- Dismount 5016 at 11.4 v after 4.0 h recharge
2024-10-06 10:14|[juicer.py.dock]---- Docking 5017 completed  at 8.1 v after 7.7 h playtime
2024-10-06 14:14|[juicer.py.chargingStatus]--- Probable TRICKLE not detected 12.0v
2024-10-06 14:15|[juicer.py.undock]---- Dismount 5017 at 11.4 v after 4.0 h recharge
2024-10-06 20:29|[juicer.py.dock]---- Docking 5018 completed  at 8.1 v after 6.2 h playtime
2024-10-07 00:30|[juicer.py.chargingStatus]--- Probable TRICKLE not detected 11.3v
2024-10-07 00:30|[juicer.py.undock]---- Dismount 5018 at 10.7 v after 4.0 h recharge
2024-10-07 05:47|[juicer.py.dock]---- Docking 5019 completed  at 8.1 v after 5.3 h playtime
2024-10-07 09:47|[juicer.py.chargingStatus]--- Probable TRICKLE not detected 11.4v
2024-10-07 09:47|[juicer.py.undock]---- Dismount 5019 at 10.9 v after 4.0 h recharge
2024-10-07 15:14|[juicer.py.dock]---- Docking 5020 completed  at 8.1 v after 5.4 h playtime
2024-10-07 15:23|[healthCheck.py.main]WiFi check failed (8.8.8.8)
2024-10-07 15:24|[healthCheck.py.main]WiFi check failed (8.8.8.8)
2024-10-07 19:14|[juicer.py.chargingStatus]--- Probable TRICKLE not detected 11.4v
2024-10-07 19:14|[juicer.py.undock]---- Dismount 5020 at 10.9 v after 4.0 h recharge
2024-10-08 00:40|[juicer.py.dock]---- Docking 5021 completed  at 8.1 v after 5.4 h playtime
2024-10-08 04:41|[juicer.py.chargingStatus]--- Probable TRICKLE not detected 11.3v
2024-10-08 04:41|[juicer.py.undock]---- Dismount 5021 at 10.8 v after 4.0 h recharge
2024-10-08 09:56|[juicer.py.dock]---- Docking 5022 completed  at 8.1 v after 5.2 h playtime
2024-10-08 13:56|[juicer.py.chargingStatus]--- Probable TRICKLE not detected 11.4v
2024-10-08 13:57|[juicer.py.undock]---- Dismount 5022 at 10.8 v after 4.0 h recharge
2024-10-08 19:22|[juicer.py.dock]---- Docking 5023 completed  at 8.1 v after 5.4 h playtime
2024-10-08 23:23|[juicer.py.chargingStatus]--- Probable TRICKLE not detected 11.6v
2024-10-08 23:23|[juicer.py.undock]---- Dismount 5023 at 11.0 v after 4.0 h recharge
2024-10-09 04:55|[juicer.py.dock]---- Docking 5024 completed  at 8.1 v after 5.5 h playtime
2024-10-09 08:55|[juicer.py.chargingStatus]--- Probable TRICKLE not detected 11.5v
2024-10-09 08:55|[juicer.py.undock]---- Dismount 5024 at 11.0 v after 4.0 h recharge
2024-10-09 12:06|[healthCheck.py.main]WiFi check failed (8.8.8.8)
2024-10-09 12:09|[healthCheck.py.main]WiFi check failed (8.8.8.8)
2024-10-09 14:24|[juicer.py.dock]---- Docking 5025 completed  at 8.1 v after 5.5 h playtime
2024-10-09 18:25|[juicer.py.chargingStatus]--- Probable TRICKLE not detected 11.6v
2024-10-09 18:25|[juicer.py.undock]---- Dismount 5025 at 11.0 v after 4.0 h recharge
2024-10-10 00:01|[juicer.py.dock]---- Docking 5026 completed  at 8.1 v after 5.6 h playtime
2024-10-10 04:01|[juicer.py.chargingStatus]--- Probable TRICKLE not detected 11.4v
2024-10-10 04:01|[juicer.py.undock]---- Dismount 5026 at 10.8 v after 4.0 h recharge
2024-10-10 09:23|[juicer.py.dock]---- Docking 5027 completed  at 8.1 v after 5.3 h playtime
2024-10-10 13:23|[juicer.py.chargingStatus]--- Probable TRICKLE not detected 11.4v
2024-10-10 13:23|[juicer.py.undock]---- Dismount 5027 at 10.8 v after 4.0 h recharge
2024-10-10 18:45|[juicer.py.dock]---- Docking 5028 completed  at 8.1 v after 5.4 h playtime
2024-10-10 22:46|[juicer.py.chargingStatus]--- Probable TRICKLE not detected 11.4v
2024-10-10 22:46|[juicer.py.undock]---- Dismount 5028 at 10.8 v after 4.0 h recharge
2024-10-11 04:09|[juicer.py.dock]---- Docking 5029 completed  at 8.1 v after 5.4 h playtime
2024-10-11 04:33|[healthCheck.py.main]WiFi check failed (8.8.8.8)
2024-10-11 04:36|[healthCheck.py.main]WiFi recovery
2024-10-11 04:36|[healthCheck.py.main]WiFi check failed (8.8.8.8)
2024-10-11 04:36|[healthCheck.py.main]WiFi recovery
2024-10-11 08:10|[juicer.py.chargingStatus]--- Probable TRICKLE not detected 11.4v
2024-10-11 08:10|[juicer.py.undock]---- Dismount 5029 at 10.8 v after 4.0 h recharge
2024-10-11 13:33|[juicer.py.dock]---- Docking 5030 completed  at 8.1 v after 5.4 h playtime
2024-10-11 17:34|[juicer.py.chargingStatus]--- Probable TRICKLE not detected 11.4v
2024-10-11 17:34|[juicer.py.undock]---- Dismount 5030 at 10.9 v after 4.0 h recharge
2024-10-11 22:56|[juicer.py.dock]---- Docking 5031 completed  at 8.1 v after 5.4 h playtime
2024-10-12 02:57|[juicer.py.chargingStatus]--- Probable TRICKLE not detected 11.5v
2024-10-12 02:57|[juicer.py.undock]---- Dismount 5031 at 10.9 v after 4.0 h recharge
2024-10-12 08:17|[juicer.py.dock]---- Docking 5032 completed  at 8.1 v after 5.3 h playtime
2024-10-12 12:17|[juicer.py.chargingStatus]--- Probable TRICKLE not detected 11.2v
2024-10-12 12:17|[juicer.py.undock]---- Dismount 5032 at 10.7 v after 4.0 h recharge
2024-10-12 17:27|[juicer.py.dock]---- Docking 5033 completed  at 8.1 v after 5.1 h playtime
2024-10-12 21:27|[juicer.py.chargingStatus]--- Probable TRICKLE not detected 11.3v
2024-10-12 21:27|[juicer.py.undock]---- Dismount 5033 at 10.7 v after 4.0 h recharge
2024-10-13 02:42|[juicer.py.dock]---- Docking 5034 completed  at 8.1 v after 5.2 h playtime
2024-10-13 06:43|[juicer.py.chargingStatus]--- Probable TRICKLE not detected 11.4v
2024-10-13 06:43|[juicer.py.undock]---- Dismount 5034 at 10.8 v after 4.0 h recharge
2024-10-13 12:01|[juicer.py.dock]---- Docking 5035 completed  at 8.1 v after 5.3 h playtime
2024-10-13 16:02|[juicer.py.chargingStatus]--- Probable TRICKLE not detected 11.5v
2024-10-13 16:02|[juicer.py.undock]---- Dismount 5035 at 10.9 v after 4.0 h recharge
2024-10-13 19:44|lifelogger.dEmain execution: 364
